May 20, 2017 5:13:19 PM org.apache.catalina.core.AprLifecycleListener init
INFO: The APR based Apache Tomcat Native library which allows optimal performance in production environments was not found on the java.library.path: /usr/java/packages/lib/amd64:/usr/lib64:/lib64:/lib:/usr/lib
May 20, 2017 5:13:19 PM org.apache.catalina.startup.SetAllPropertiesRule begin
WARNING: [SetAllPropertiesRule]{Server/Service/Connector} Setting property 'maxTreads' to '500' did not find a matching property.
May 20, 2017 5:13:19 PM org.apache.catalina.startup.SetAllPropertiesRule begin
WARNING: [SetAllPropertiesRule]{Server/Service/Connector} Setting property 'maxSpareThreads' to '75' did not find a matching property.
May 20, 2017 5:13:21 PM org.apache.coyote.AbstractProtocol init
INFO: Initializing ProtocolHandler ["http-bio-8080"]
May 20, 2017 5:13:21 PM org.apache.coyote.AbstractProtocol init
INFO: Initializing ProtocolHandler ["ajp-bio-8009"]
May 20, 2017 5:13:21 PM org.apache.catalina.startup.Catalina load
INFO: Initialization processed in 3219 ms
May 20, 2017 5:13:21 PM org.apache.catalina.core.StandardService startInternal
INFO: Starting service Catalina
May 20, 2017 5:13:21 PM org.apache.catalina.core.StandardEngine startInternal
INFO: Starting Servlet Engine: Apache Tomcat/7.0.52
May 20, 2017 5:13:21 PM org.apache.catalina.startup.HostConfig deployWAR
INFO: Deploying web application archive /data/game/cookierunsrv/ROOT.war
May 20, 2017 5:13:22 PM org.apache.catalina.loader.WebappClassLoader validateJarFile
INFO: validateJarFile(/data/game/cookierunsrv/ROOT/WEB-INF/lib/tomcat-embed-core-7.0.54.jar) - jar not loaded. See Servlet Spec 3.0, section 10.7.2. Offending class: javax/servlet/Servlet.class
May 20, 2017 5:13:22 PM org.apache.catalina.loader.WebappClassLoader validateJarFile
INFO: validateJarFile(/data/game/cookierunsrv/ROOT/WEB-INF/lib/tomcat-embed-el-7.0.54.jar) - jar not loaded. See Servlet Spec 3.0, section 10.7.2. Offending class: javax/el/Expression.class
May 20, 2017 5:14:09 PM org.apache.catalina.startup.HostConfig deployDirectory
INFO: Deploying web application directory /data/game/cookierunsrv/.svn
May 20, 2017 5:14:09 PM org.apache.coyote.AbstractProtocol start
INFO: Starting ProtocolHandler ["http-bio-8080"]
May 20, 2017 5:14:09 PM org.apache.coyote.AbstractProtocol start
INFO: Starting ProtocolHandler ["ajp-bio-8009"]
May 20, 2017 5:14:09 PM org.apache.catalina.startup.Catalina start
INFO: Server startup in 48012 ms
May 20, 2017 7:02:01 PM org.apache.catalina.core.AprLifecycleListener init
INFO: The APR based Apache Tomcat Native library which allows optimal performance in production environments was not found on the java.library.path: /usr/java/packages/lib/amd64:/usr/lib64:/lib64:/lib:/usr/lib
May 20, 2017 7:02:01 PM org.apache.catalina.startup.SetAllPropertiesRule begin
WARNING: [SetAllPropertiesRule]{Server/Service/Connector} Setting property 'maxTreads' to '500' did not find a matching property.
May 20, 2017 7:02:01 PM org.apache.catalina.startup.SetAllPropertiesRule begin
WARNING: [SetAllPropertiesRule]{Server/Service/Connector} Setting property 'maxSpareThreads' to '75' did not find a matching property.
May 20, 2017 7:02:02 PM org.apache.coyote.AbstractProtocol init
INFO: Initializing ProtocolHandler ["http-bio-8080"]
May 20, 2017 7:02:02 PM org.apache.coyote.AbstractProtocol init
INFO: Initializing ProtocolHandler ["ajp-bio-8009"]
May 20, 2017 7:02:02 PM org.apache.catalina.startup.Catalina load
INFO: Initialization processed in 2210 ms
May 20, 2017 7:02:02 PM org.apache.catalina.core.StandardService startInternal
INFO: Starting service Catalina
May 20, 2017 7:02:02 PM org.apache.catalina.core.StandardEngine startInternal
INFO: Starting Servlet Engine: Apache Tomcat/7.0.52
May 20, 2017 7:02:02 PM org.apache.catalina.startup.HostConfig deployWAR
INFO: Deploying web application archive /data/game/cookierunsrv/ROOT.war
May 20, 2017 7:02:03 PM org.apache.catalina.loader.WebappClassLoader validateJarFile
INFO: validateJarFile(/data/game/cookierunsrv/ROOT/WEB-INF/lib/tomcat-embed-core-7.0.54.jar) - jar not loaded. See Servlet Spec 3.0, section 10.7.2. Offending class: javax/servlet/Servlet.class
May 20, 2017 7:02:03 PM org.apache.catalina.loader.WebappClassLoader validateJarFile
INFO: validateJarFile(/data/game/cookierunsrv/ROOT/WEB-INF/lib/tomcat-embed-el-7.0.54.jar) - jar not loaded. See Servlet Spec 3.0, section 10.7.2. Offending class: javax/el/Expression.class
May 20, 2017 7:02:12 PM org.apache.catalina.core.AprLifecycleListener init
INFO: The APR based Apache Tomcat Native library which allows optimal performance in production environments was not found on the java.library.path: /usr/java/packages/lib/amd64:/usr/lib64:/lib64:/lib:/usr/lib
May 20, 2017 7:02:12 PM org.apache.catalina.startup.SetAllPropertiesRule begin
WARNING: [SetAllPropertiesRule]{Server/Service/Connector} Setting property 'maxTreads' to '500' did not find a matching property.
May 20, 2017 7:02:12 PM org.apache.catalina.startup.SetAllPropertiesRule begin
WARNING: [SetAllPropertiesRule]{Server/Service/Connector} Setting property 'maxSpareThreads' to '75' did not find a matching property.
May 20, 2017 7:02:13 PM org.apache.coyote.AbstractProtocol init
INFO: Initializing ProtocolHandler ["http-bio-8080"]
May 20, 2017 7:02:13 PM org.apache.coyote.AbstractProtocol init
INFO: Initializing ProtocolHandler ["ajp-bio-8009"]
May 20, 2017 7:02:13 PM org.apache.catalina.startup.Catalina load
INFO: Initialization processed in 813 ms
May 20, 2017 7:02:13 PM org.apache.catalina.core.StandardService startInternal
INFO: Starting service Catalina
May 20, 2017 7:02:13 PM org.apache.catalina.core.StandardEngine startInternal
INFO: Starting Servlet Engine: Apache Tomcat/7.0.52
May 20, 2017 7:02:13 PM org.apache.catalina.startup.HostConfig deployWAR
INFO: Deploying web application archive /data/game/cookierunsrv/ROOT.war
May 20, 2017 7:02:13 PM org.apache.catalina.loader.WebappClassLoader validateJarFile
INFO: validateJarFile(/data/game/cookierunsrv/ROOT/WEB-INF/lib/tomcat-embed-core-7.0.54.jar) - jar not loaded. See Servlet Spec 3.0, section 10.7.2. Offending class: javax/servlet/Servlet.class
May 20, 2017 7:02:13 PM org.apache.catalina.loader.WebappClassLoader validateJarFile
INFO: validateJarFile(/data/game/cookierunsrv/ROOT/WEB-INF/lib/tomcat-embed-el-7.0.54.jar) - jar not loaded. See Servlet Spec 3.0, section 10.7.2. Offending class: javax/el/Expression.class
May 20, 2017 7:02:52 PM org.apache.catalina.core.ContainerBase addChildInternal
SEVERE: ContainerBase.addChild: start: 
org.apache.catalina.LifecycleException: Failed to start component [StandardEngine[Catalina].StandardHost[localhost].StandardContext[]]
	at org.apache.catalina.util.LifecycleBase.start(LifecycleBase.java:154)
	at org.apache.catalina.core.ContainerBase.addChildInternal(ContainerBase.java:901)
	at org.apache.catalina.core.ContainerBase.addChild(ContainerBase.java:877)
	at org.apache.catalina.core.StandardHost.addChild(StandardHost.java:632)
	at org.apache.catalina.startup.HostConfig.deployWAR(HostConfig.java:1073)
	at org.apache.catalina.startup.HostConfig$DeployWar.run(HostConfig.java:1857)
	at java.util.concurrent.Executors$RunnableAdapter.call(Executors.java:511)
	at java.util.concurrent.FutureTask.run(FutureTask.java:266)
	at java.util.concurrent.ThreadPoolExecutor.runWorker(ThreadPoolExecutor.java:1142)
	at java.util.concurrent.ThreadPoolExecutor$Worker.run(ThreadPoolExecutor.java:617)
	at java.lang.Thread.run(Thread.java:745)
Caused by: org.springframework.beans.factory.BeanCreationException: Error creating bean with name 'noticeController': Injection of autowired dependencies failed; nested exception is org.springframework.beans.factory.BeanCreationException: Could not autowire field: com.devsisters.game.oven2.controller.response.MyResponse com.devsisters.game.oven2.controller.CookierunController.myResponse; nested exception is org.springframework.beans.factory.BeanCreationException: Error creating bean with name 'myResponse': Injection of autowired dependencies failed; nested exception is org.springframework.beans.factory.BeanCreationException: Could not autowire field: com.devsisters.game.oven2.service.GameLogService com.devsisters.game.oven2.controller.response.MyResponse.gameLogService; nested exception is org.springframework.beans.factory.BeanCreationException: Error creating bean with name 'gameLogService': Injection of autowired dependencies failed; nested exception is org.springframework.beans.factory.BeanCreationException: Could not autowire field: com.devsisters.game.oven2.service.EconomyService com.devsisters.game.oven2.service.GameLogServiceImpl.economyService; nested exception is org.springframework.beans.factory.BeanCreationException: Error creating bean with name 'economyService': Injection of autowired dependencies failed; nested exception is org.springframework.beans.factory.BeanCreationException: Could not autowire field: com.devsisters.game.oven2.persistence.couchbase.CoinLogMapper com.devsisters.game.oven2.service.EconomyServiceCommon.coinLogMapper; nested exception is org.springframework.beans.factory.BeanCreationException: Error creating bean with name 'coinLogMapper': Injection of autowired dependencies failed; nested exception is org.springframework.beans.factory.BeanCreationException: Could not autowire field: private com.couchbase.client.CouchbaseClient com.devsisters.game.oven2.persistence.couchbase.CoinLogMapper.logCouchbaseClient; nested exception is org.springframework.beans.factory.BeanCreationException: Error creating bean with name 'couchbaseClient' defined in class path resource [com/devsisters/game/oven2/config/CouchbaseConfig.class]: Instantiation of bean failed; nested exception is org.springframework.beans.factory.BeanDefinitionStoreException: Factory method [public com.couchbase.client.CouchbaseClient com.devsisters.game.oven2.config.CouchbaseConfig.couchbaseClient() throws java.io.IOException] threw exception; nested exception is com.couchbase.client.vbucket.ConfigurationException: Could not fetch a valid Bucket configuration.
	at org.springframework.beans.factory.annotation.AutowiredAnnotationBeanPostProcessor.postProcessPropertyValues(AutowiredAnnotationBeanPostProcessor.java:292)
	at org.springframework.beans.factory.support.AbstractAutowireCapableBeanFactory.populateBean(AbstractAutowireCapableBeanFactory.java:1185)
	at org.springframework.beans.factory.support.AbstractAutowireCapableBeanFactory.doCreateBean(AbstractAutowireCapableBeanFactory.java:537)
	at org.springframework.beans.factory.support.AbstractAutowireCapableBeanFactory.createBean(AbstractAutowireCapableBeanFactory.java:475)
	at org.springframework.beans.factory.support.AbstractBeanFactory$1.getObject(AbstractBeanFactory.java:304)
	at org.springframework.beans.factory.support.DefaultSingletonBeanRegistry.getSingleton(DefaultSingletonBeanRegistry.java:228)
	at org.springframework.beans.factory.support.AbstractBeanFactory.doGetBean(AbstractBeanFactory.java:300)
	at org.springframework.beans.factory.support.AbstractBeanFactory.getBean(AbstractBeanFactory.java:195)
	at org.springframework.beans.factory.support.DefaultListableBeanFactory.preInstantiateSingletons(DefaultListableBeanFactory.java:703)
	at org.springframework.context.support.AbstractApplicationContext.finishBeanFactoryInitialization(AbstractApplicationContext.java:760)
	at org.springframework.context.support.AbstractApplicationContext.refresh(AbstractApplicationContext.java:482)
	at org.springframework.boot.context.embedded.EmbeddedWebApplicationContext.refresh(EmbeddedWebApplicationContext.java:120)
	at org.springframework.boot.SpringApplication.refresh(SpringApplication.java:683)
	at org.springframework.boot.SpringApplication.run(SpringApplication.java:313)
	at org.springframework.boot.builder.SpringApplicationBuilder.run(SpringApplicationBuilder.java:142)
	at org.springframework.boot.context.web.SpringBootServletInitializer.createRootApplicationContext(SpringBootServletInitializer.java:89)
	at org.springframework.boot.context.web.SpringBootServletInitializer.onStartup(SpringBootServletInitializer.java:51)
	at org.springframework.web.SpringServletContainerInitializer.onStartup(SpringServletContainerInitializer.java:175)
	at org.apache.catalina.core.StandardContext.startInternal(StandardContext.java:5456)
	at org.apache.catalina.util.LifecycleBase.start(LifecycleBase.java:150)
	... 10 more
Caused by: org.springframework.beans.factory.BeanCreationException: Could not autowire field: com.devsisters.game.oven2.controller.response.MyResponse com.devsisters.game.oven2.controller.CookierunController.myResponse; nested exception is org.springframework.beans.factory.BeanCreationException: Error creating bean with name 'myResponse': Injection of autowired dependencies failed; nested exception is org.springframework.beans.factory.BeanCreationException: Could not autowire field: com.devsisters.game.oven2.service.GameLogService com.devsisters.game.oven2.controller.response.MyResponse.gameLogService; nested exception is org.springframework.beans.factory.BeanCreationException: Error creating bean with name 'gameLogService': Injection of autowired dependencies failed; nested exception is org.springframework.beans.factory.BeanCreationException: Could not autowire field: com.devsisters.game.oven2.service.EconomyService com.devsisters.game.oven2.service.GameLogServiceImpl.economyService; nested exception is org.springframework.beans.factory.BeanCreationException: Error creating bean with name 'economyService': Injection of autowired dependencies failed; nested exception is org.springframework.beans.factory.BeanCreationException: Could not autowire field: com.devsisters.game.oven2.persistence.couchbase.CoinLogMapper com.devsisters.game.oven2.service.EconomyServiceCommon.coinLogMapper; nested exception is org.springframework.beans.factory.BeanCreationException: Error creating bean with name 'coinLogMapper': Injection of autowired dependencies failed; nested exception is org.springframework.beans.factory.BeanCreationException: Could not autowire field: private com.couchbase.client.CouchbaseClient com.devsisters.game.oven2.persistence.couchbase.CoinLogMapper.logCouchbaseClient; nested exception is org.springframework.beans.factory.BeanCreationException: Error creating bean with name 'couchbaseClient' defined in class path resource [com/devsisters/game/oven2/config/CouchbaseConfig.class]: Instantiation of bean failed; nested exception is org.springframework.beans.factory.BeanDefinitionStoreException: Factory method [public com.couchbase.client.CouchbaseClient com.devsisters.game.oven2.config.CouchbaseConfig.couchbaseClient() throws java.io.IOException] threw exception; nested exception is com.couchbase.client.vbucket.ConfigurationException: Could not fetch a valid Bucket configuration.
	at org.springframework.beans.factory.annotation.AutowiredAnnotationBeanPostProcessor$AutowiredFieldElement.inject(AutowiredAnnotationBeanPostProcessor.java:508)
	at org.springframework.beans.factory.annotation.InjectionMetadata.inject(InjectionMetadata.java:87)
	at org.springframework.beans.factory.annotation.AutowiredAnnotationBeanPostProcessor.postProcessPropertyValues(AutowiredAnnotationBeanPostProcessor.java:289)
	... 29 more
Caused by: org.springframework.beans.factory.BeanCreationException: Error creating bean with name 'myResponse': Injection of autowired dependencies failed; nested exception is org.springframework.beans.factory.BeanCreationException: Could not autowire field: com.devsisters.game.oven2.service.GameLogService com.devsisters.game.oven2.controller.response.MyResponse.gameLogService; nested exception is org.springframework.beans.factory.BeanCreationException: Error creating bean with name 'gameLogService': Injection of autowired dependencies failed; nested exception is org.springframework.beans.factory.BeanCreationException: Could not autowire field: com.devsisters.game.oven2.service.EconomyService com.devsisters.game.oven2.service.GameLogServiceImpl.economyService; nested exception is org.springframework.beans.factory.BeanCreationException: Error creating bean with name 'economyService': Injection of autowired dependencies failed; nested exception is org.springframework.beans.factory.BeanCreationException: Could not autowire field: com.devsisters.game.oven2.persistence.couchbase.CoinLogMapper com.devsisters.game.oven2.service.EconomyServiceCommon.coinLogMapper; nested exception is org.springframework.beans.factory.BeanCreationException: Error creating bean with name 'coinLogMapper': Injection of autowired dependencies failed; nested exception is org.springframework.beans.factory.BeanCreationException: Could not autowire field: private com.couchbase.client.CouchbaseClient com.devsisters.game.oven2.persistence.couchbase.CoinLogMapper.logCouchbaseClient; nested exception is org.springframework.beans.factory.BeanCreationException: Error creating bean with name 'couchbaseClient' defined in class path resource [com/devsisters/game/oven2/config/CouchbaseConfig.class]: Instantiation of bean failed; nested exception is org.springframework.beans.factory.BeanDefinitionStoreException: Factory method [public com.couchbase.client.CouchbaseClient com.devsisters.game.oven2.config.CouchbaseConfig.couchbaseClient() throws java.io.IOException] threw exception; nested exception is com.couchbase.client.vbucket.ConfigurationException: Could not fetch a valid Bucket configuration.
	at org.springframework.beans.factory.annotation.AutowiredAnnotationBeanPostProcessor.postProcessPropertyValues(AutowiredAnnotationBeanPostProcessor.java:292)
	at org.springframework.beans.factory.support.AbstractAutowireCapableBeanFactory.populateBean(AbstractAutowireCapableBeanFactory.java:1185)
	at org.springframework.beans.factory.support.AbstractAutowireCapableBeanFactory.doCreateBean(AbstractAutowireCapableBeanFactory.java:537)
	at org.springframework.beans.factory.support.AbstractAutowireCapableBeanFactory.createBean(AbstractAutowireCapableBeanFactory.java:475)
	at org.springframework.beans.factory.support.AbstractBeanFactory$1.getObject(AbstractBeanFactory.java:304)
	at org.springframework.beans.factory.support.DefaultSingletonBeanRegistry.getSingleton(DefaultSingletonBeanRegistry.java:228)
	at org.springframework.beans.factory.support.AbstractBeanFactory.doGetBean(AbstractBeanFactory.java:300)
	at org.springframework.beans.factory.support.AbstractBeanFactory.getBean(AbstractBeanFactory.java:195)
	at org.springframework.beans.factory.support.DefaultListableBeanFactory.findAutowireCandidates(DefaultListableBeanFactory.java:1017)
	at org.springframework.beans.factory.support.DefaultListableBeanFactory.doResolveDependency(DefaultListableBeanFactory.java:960)
	at org.springframework.beans.factory.support.DefaultListableBeanFactory.resolveDependency(DefaultListableBeanFactory.java:858)
	at org.springframework.beans.factory.annotation.AutowiredAnnotationBeanPostProcessor$AutowiredFieldElement.inject(AutowiredAnnotationBeanPostProcessor.java:480)
	... 31 more
Caused by: org.springframework.beans.factory.BeanCreationException: Could not autowire field: com.devsisters.game.oven2.service.GameLogService com.devsisters.game.oven2.controller.response.MyResponse.gameLogService; nested exception is org.springframework.beans.factory.BeanCreationException: Error creating bean with name 'gameLogService': Injection of autowired dependencies failed; nested exception is org.springframework.beans.factory.BeanCreationException: Could not autowire field: com.devsisters.game.oven2.service.EconomyService com.devsisters.game.oven2.service.GameLogServiceImpl.economyService; nested exception is org.springframework.beans.factory.BeanCreationException: Error creating bean with name 'economyService': Injection of autowired dependencies failed; nested exception is org.springframework.beans.factory.BeanCreationException: Could not autowire field: com.devsisters.game.oven2.persistence.couchbase.CoinLogMapper com.devsisters.game.oven2.service.EconomyServiceCommon.coinLogMapper; nested exception is org.springframework.beans.factory.BeanCreationException: Error creating bean with name 'coinLogMapper': Injection of autowired dependencies failed; nested exception is org.springframework.beans.factory.BeanCreationException: Could not autowire field: private com.couchbase.client.CouchbaseClient com.devsisters.game.oven2.persistence.couchbase.CoinLogMapper.logCouchbaseClient; nested exception is org.springframework.beans.factory.BeanCreationException: Error creating bean with name 'couchbaseClient' defined in class path resource [com/devsisters/game/oven2/config/CouchbaseConfig.class]: Instantiation of bean failed; nested exception is org.springframework.beans.factory.BeanDefinitionStoreException: Factory method [public com.couchbase.client.CouchbaseClient com.devsisters.game.oven2.config.CouchbaseConfig.couchbaseClient() throws java.io.IOException] threw exception; nested exception is com.couchbase.client.vbucket.ConfigurationException: Could not fetch a valid Bucket configuration.
	at org.springframework.beans.factory.annotation.AutowiredAnnotationBeanPostProcessor$AutowiredFieldElement.inject(AutowiredAnnotationBeanPostProcessor.java:508)
	at org.springframework.beans.factory.annotation.InjectionMetadata.inject(InjectionMetadata.java:87)
	at org.springframework.beans.factory.annotation.AutowiredAnnotationBeanPostProcessor.postProcessPropertyValues(AutowiredAnnotationBeanPostProcessor.java:289)
	... 42 more
Caused by: org.springframework.beans.factory.BeanCreationException: Error creating bean with name 'gameLogService': Injection of autowired dependencies failed; nested exception is org.springframework.beans.factory.BeanCreationException: Could not autowire field: com.devsisters.game.oven2.service.EconomyService com.devsisters.game.oven2.service.GameLogServiceImpl.economyService; nested exception is org.springframework.beans.factory.BeanCreationException: Error creating bean with name 'economyService': Injection of autowired dependencies failed; nested exception is org.springframework.beans.factory.BeanCreationException: Could not autowire field: com.devsisters.game.oven2.persistence.couchbase.CoinLogMapper com.devsisters.game.oven2.service.EconomyServiceCommon.coinLogMapper; nested exception is org.springframework.beans.factory.BeanCreationException: Error creating bean with name 'coinLogMapper': Injection of autowired dependencies failed; nested exception is org.springframework.beans.factory.BeanCreationException: Could not autowire field: private com.couchbase.client.CouchbaseClient com.devsisters.game.oven2.persistence.couchbase.CoinLogMapper.logCouchbaseClient; nested exception is org.springframework.beans.factory.BeanCreationException: Error creating bean with name 'couchbaseClient' defined in class path resource [com/devsisters/game/oven2/config/CouchbaseConfig.class]: Instantiation of bean failed; nested exception is org.springframework.beans.factory.BeanDefinitionStoreException: Factory method [public com.couchbase.client.CouchbaseClient com.devsisters.game.oven2.config.CouchbaseConfig.couchbaseClient() throws java.io.IOException] threw exception; nested exception is com.couchbase.client.vbucket.ConfigurationException: Could not fetch a valid Bucket configuration.
	at org.springframework.beans.factory.annotation.AutowiredAnnotationBeanPostProcessor.postProcessPropertyValues(AutowiredAnnotationBeanPostProcessor.java:292)
	at org.springframework.beans.factory.support.AbstractAutowireCapableBeanFactory.populateBean(AbstractAutowireCapableBeanFactory.java:1185)
	at org.springframework.beans.factory.support.AbstractAutowireCapableBeanFactory.doCreateBean(AbstractAutowireCapableBeanFactory.java:537)
	at org.springframework.beans.factory.support.AbstractAutowireCapableBeanFactory.createBean(AbstractAutowireCapableBeanFactory.java:475)
	at org.springframework.beans.factory.support.AbstractBeanFactory$1.getObject(AbstractBeanFactory.java:304)
	at org.springframework.beans.factory.support.DefaultSingletonBeanRegistry.getSingleton(DefaultSingletonBeanRegistry.java:228)
	at org.springframework.beans.factory.support.AbstractBeanFactory.doGetBean(AbstractBeanFactory.java:300)
	at org.springframework.beans.factory.support.AbstractBeanFactory.getBean(AbstractBeanFactory.java:195)
	at org.springframework.beans.factory.support.DefaultListableBeanFactory.findAutowireCandidates(DefaultListableBeanFactory.java:1017)
	at org.springframework.beans.factory.support.DefaultListableBeanFactory.doResolveDependency(DefaultListableBeanFactory.java:960)
	at org.springframework.beans.factory.support.DefaultListableBeanFactory.resolveDependency(DefaultListableBeanFactory.java:858)
	at org.springframework.beans.factory.annotation.AutowiredAnnotationBeanPostProcessor$AutowiredFieldElement.inject(AutowiredAnnotationBeanPostProcessor.java:480)
	... 44 more
Caused by: org.springframework.beans.factory.BeanCreationException: Could not autowire field: com.devsisters.game.oven2.service.EconomyService com.devsisters.game.oven2.service.GameLogServiceImpl.economyService; nested exception is org.springframework.beans.factory.BeanCreationException: Error creating bean with name 'economyService': Injection of autowired dependencies failed; nested exception is org.springframework.beans.factory.BeanCreationException: Could not autowire field: com.devsisters.game.oven2.persistence.couchbase.CoinLogMapper com.devsisters.game.oven2.service.EconomyServiceCommon.coinLogMapper; nested exception is org.springframework.beans.factory.BeanCreationException: Error creating bean with name 'coinLogMapper': Injection of autowired dependencies failed; nested exception is org.springframework.beans.factory.BeanCreationException: Could not autowire field: private com.couchbase.client.CouchbaseClient com.devsisters.game.oven2.persistence.couchbase.CoinLogMapper.logCouchbaseClient; nested exception is org.springframework.beans.factory.BeanCreationException: Error creating bean with name 'couchbaseClient' defined in class path resource [com/devsisters/game/oven2/config/CouchbaseConfig.class]: Instantiation of bean failed; nested exception is org.springframework.beans.factory.BeanDefinitionStoreException: Factory method [public com.couchbase.client.CouchbaseClient com.devsisters.game.oven2.config.CouchbaseConfig.couchbaseClient() throws java.io.IOException] threw exception; nested exception is com.couchbase.client.vbucket.ConfigurationException: Could not fetch a valid Bucket configuration.
	at org.springframework.beans.factory.annotation.AutowiredAnnotationBeanPostProcessor$AutowiredFieldElement.inject(AutowiredAnnotationBeanPostProcessor.java:508)
	at org.springframework.beans.factory.annotation.InjectionMetadata.inject(InjectionMetadata.java:87)
	at org.springframework.beans.factory.annotation.AutowiredAnnotationBeanPostProcessor.postProcessPropertyValues(AutowiredAnnotationBeanPostProcessor.java:289)
	... 55 more
Caused by: org.springframework.beans.factory.BeanCreationException: Error creating bean with name 'economyService': Injection of autowired dependencies failed; nested exception is org.springframework.beans.factory.BeanCreationException: Could not autowire field: com.devsisters.game.oven2.persistence.couchbase.CoinLogMapper com.devsisters.game.oven2.service.EconomyServiceCommon.coinLogMapper; nested exception is org.springframework.beans.factory.BeanCreationException: Error creating bean with name 'coinLogMapper': Injection of autowired dependencies failed; nested exception is org.springframework.beans.factory.BeanCreationException: Could not autowire field: private com.couchbase.client.CouchbaseClient com.devsisters.game.oven2.persistence.couchbase.CoinLogMapper.logCouchbaseClient; nested exception is org.springframework.beans.factory.BeanCreationException: Error creating bean with name 'couchbaseClient' defined in class path resource [com/devsisters/game/oven2/config/CouchbaseConfig.class]: Instantiation of bean failed; nested exception is org.springframework.beans.factory.BeanDefinitionStoreException: Factory method [public com.couchbase.client.CouchbaseClient com.devsisters.game.oven2.config.CouchbaseConfig.couchbaseClient() throws java.io.IOException] threw exception; nested exception is com.couchbase.client.vbucket.ConfigurationException: Could not fetch a valid Bucket configuration.
	at org.springframework.beans.factory.annotation.AutowiredAnnotationBeanPostProcessor.postProcessPropertyValues(AutowiredAnnotationBeanPostProcessor.java:292)
	at org.springframework.beans.factory.support.AbstractAutowireCapableBeanFactory.populateBean(AbstractAutowireCapableBeanFactory.java:1185)
	at org.springframework.beans.factory.support.AbstractAutowireCapableBeanFactory.doCreateBean(AbstractAutowireCapableBeanFactory.java:537)
	at org.springframework.beans.factory.support.AbstractAutowireCapableBeanFactory.createBean(AbstractAutowireCapableBeanFactory.java:475)
	at org.springframework.beans.factory.support.AbstractBeanFactory$1.getObject(AbstractBeanFactory.java:304)
	at org.springframework.beans.factory.support.DefaultSingletonBeanRegistry.getSingleton(DefaultSingletonBeanRegistry.java:228)
	at org.springframework.beans.factory.support.AbstractBeanFactory.doGetBean(AbstractBeanFactory.java:300)
	at org.springframework.beans.factory.support.AbstractBeanFactory.getBean(AbstractBeanFactory.java:195)
	at org.springframework.beans.factory.support.DefaultListableBeanFactory.findAutowireCandidates(DefaultListableBeanFactory.java:1017)
	at org.springframework.beans.factory.support.DefaultListableBeanFactory.doResolveDependency(DefaultListableBeanFactory.java:960)
	at org.springframework.beans.factory.support.DefaultListableBeanFactory.resolveDependency(DefaultListableBeanFactory.java:858)
	at org.springframework.beans.factory.annotation.AutowiredAnnotationBeanPostProcessor$AutowiredFieldElement.inject(AutowiredAnnotationBeanPostProcessor.java:480)
	... 57 more
Caused by: org.springframework.beans.factory.BeanCreationException: Could not autowire field: com.devsisters.game.oven2.persistence.couchbase.CoinLogMapper com.devsisters.game.oven2.service.EconomyServiceCommon.coinLogMapper; nested exception is org.springframework.beans.factory.BeanCreationException: Error creating bean with name 'coinLogMapper': Injection of autowired dependencies failed; nested exception is org.springframework.beans.factory.BeanCreationException: Could not autowire field: private com.couchbase.client.CouchbaseClient com.devsisters.game.oven2.persistence.couchbase.CoinLogMapper.logCouchbaseClient; nested exception is org.springframework.beans.factory.BeanCreationException: Error creating bean with name 'couchbaseClient' defined in class path resource [com/devsisters/game/oven2/config/CouchbaseConfig.class]: Instantiation of bean failed; nested exception is org.springframework.beans.factory.BeanDefinitionStoreException: Factory method [public com.couchbase.client.CouchbaseClient com.devsisters.game.oven2.config.CouchbaseConfig.couchbaseClient() throws java.io.IOException] threw exception; nested exception is com.couchbase.client.vbucket.ConfigurationException: Could not fetch a valid Bucket configuration.
	at org.springframework.beans.factory.annotation.AutowiredAnnotationBeanPostProcessor$AutowiredFieldElement.inject(AutowiredAnnotationBeanPostProcessor.java:508)
	at org.springframework.beans.factory.annotation.InjectionMetadata.inject(InjectionMetadata.java:87)
	at org.springframework.beans.factory.annotation.AutowiredAnnotationBeanPostProcessor.postProcessPropertyValues(AutowiredAnnotationBeanPostProcessor.java:289)
	... 68 more
Caused by: org.springframework.beans.factory.BeanCreationException: Error creating bean with name 'coinLogMapper': Injection of autowired dependencies failed; nested exception is org.springframework.beans.factory.BeanCreationException: Could not autowire field: private com.couchbase.client.CouchbaseClient com.devsisters.game.oven2.persistence.couchbase.CoinLogMapper.logCouchbaseClient; nested exception is org.springframework.beans.factory.BeanCreationException: Error creating bean with name 'couchbaseClient' defined in class path resource [com/devsisters/game/oven2/config/CouchbaseConfig.class]: Instantiation of bean failed; nested exception is org.springframework.beans.factory.BeanDefinitionStoreException: Factory method [public com.couchbase.client.CouchbaseClient com.devsisters.game.oven2.config.CouchbaseConfig.couchbaseClient() throws java.io.IOException] threw exception; nested exception is com.couchbase.client.vbucket.ConfigurationException: Could not fetch a valid Bucket configuration.
	at org.springframework.beans.factory.annotation.AutowiredAnnotationBeanPostProcessor.postProcessPropertyValues(AutowiredAnnotationBeanPostProcessor.java:292)
	at org.springframework.beans.factory.support.AbstractAutowireCapableBeanFactory.populateBean(AbstractAutowireCapableBeanFactory.java:1185)
	at org.springframework.beans.factory.support.AbstractAutowireCapableBeanFactory.doCreateBean(AbstractAutowireCapableBeanFactory.java:537)
	at org.springframework.beans.factory.support.AbstractAutowireCapableBeanFactory.createBean(AbstractAutowireCapableBeanFactory.java:475)
	at org.springframework.beans.factory.support.AbstractBeanFactory$1.getObject(AbstractBeanFactory.java:304)
	at org.springframework.beans.factory.support.DefaultSingletonBeanRegistry.getSingleton(DefaultSingletonBeanRegistry.java:228)
	at org.springframework.beans.factory.support.AbstractBeanFactory.doGetBean(AbstractBeanFactory.java:300)
	at org.springframework.beans.factory.support.AbstractBeanFactory.getBean(AbstractBeanFactory.java:195)
	at org.springframework.beans.factory.support.DefaultListableBeanFactory.findAutowireCandidates(DefaultListableBeanFactory.java:1017)
	at org.springframework.beans.factory.support.DefaultListableBeanFactory.doResolveDependency(DefaultListableBeanFactory.java:960)
	at org.springframework.beans.factory.support.DefaultListableBeanFactory.resolveDependency(DefaultListableBeanFactory.java:858)
	at org.springframework.beans.factory.annotation.AutowiredAnnotationBeanPostProcessor$AutowiredFieldElement.inject(AutowiredAnnotationBeanPostProcessor.java:480)
	... 70 more
Caused by: org.springframework.beans.factory.BeanCreationException: Could not autowire field: private com.couchbase.client.CouchbaseClient com.devsisters.game.oven2.persistence.couchbase.CoinLogMapper.logCouchbaseClient; nested exception is org.springframework.beans.factory.BeanCreationException: Error creating bean with name 'couchbaseClient' defined in class path resource [com/devsisters/game/oven2/config/CouchbaseConfig.class]: Instantiation of bean failed; nested exception is org.springframework.beans.factory.BeanDefinitionStoreException: Factory method [public com.couchbase.client.CouchbaseClient com.devsisters.game.oven2.config.CouchbaseConfig.couchbaseClient() throws java.io.IOException] threw exception; nested exception is com.couchbase.client.vbucket.ConfigurationException: Could not fetch a valid Bucket configuration.
	at org.springframework.beans.factory.annotation.AutowiredAnnotationBeanPostProcessor$AutowiredFieldElement.inject(AutowiredAnnotationBeanPostProcessor.java:508)
	at org.springframework.beans.factory.annotation.InjectionMetadata.inject(InjectionMetadata.java:87)
	at org.springframework.beans.factory.annotation.AutowiredAnnotationBeanPostProcessor.postProcessPropertyValues(AutowiredAnnotationBeanPostProcessor.java:289)
	... 81 more
Caused by: org.springframework.beans.factory.BeanCreationException: Error creating bean with name 'couchbaseClient' defined in class path resource [com/devsisters/game/oven2/config/CouchbaseConfig.class]: Instantiation of bean failed; nested exception is org.springframework.beans.factory.BeanDefinitionStoreException: Factory method [public com.couchbase.client.CouchbaseClient com.devsisters.game.oven2.config.CouchbaseConfig.couchbaseClient() throws java.io.IOException] threw exception; nested exception is com.couchbase.client.vbucket.ConfigurationException: Could not fetch a valid Bucket configuration.
	at org.springframework.beans.factory.support.ConstructorResolver.instantiateUsingFactoryMethod(ConstructorResolver.java:597)
	at org.springframework.beans.factory.support.AbstractAutowireCapableBeanFactory.instantiateUsingFactoryMethod(AbstractAutowireCapableBeanFactory.java:1094)
	at org.springframework.beans.factory.support.AbstractAutowireCapableBeanFactory.createBeanInstance(AbstractAutowireCapableBeanFactory.java:989)
	at org.springframework.beans.factory.support.AbstractAutowireCapableBeanFactory.doCreateBean(AbstractAutowireCapableBeanFactory.java:504)
	at org.springframework.beans.factory.support.AbstractAutowireCapableBeanFactory.createBean(AbstractAutowireCapableBeanFactory.java:475)
	at org.springframework.beans.factory.support.AbstractBeanFactory$1.getObject(AbstractBeanFactory.java:304)
	at org.springframework.beans.factory.support.DefaultSingletonBeanRegistry.getSingleton(DefaultSingletonBeanRegistry.java:228)
	at org.springframework.beans.factory.support.AbstractBeanFactory.doGetBean(AbstractBeanFactory.java:300)
	at org.springframework.beans.factory.support.AbstractBeanFactory.getBean(AbstractBeanFactory.java:195)
	at org.springframework.beans.factory.support.DefaultListableBeanFactory.findAutowireCandidates(DefaultListableBeanFactory.java:1017)
	at org.springframework.beans.factory.support.DefaultListableBeanFactory.doResolveDependency(DefaultListableBeanFactory.java:960)
	at org.springframework.beans.factory.support.DefaultListableBeanFactory.resolveDependency(DefaultListableBeanFactory.java:858)
	at org.springframework.beans.factory.annotation.AutowiredAnnotationBeanPostProcessor$AutowiredFieldElement.inject(AutowiredAnnotationBeanPostProcessor.java:480)
	... 83 more
Caused by: org.springframework.beans.factory.BeanDefinitionStoreException: Factory method [public com.couchbase.client.CouchbaseClient com.devsisters.game.oven2.config.CouchbaseConfig.couchbaseClient() throws java.io.IOException] threw exception; nested exception is com.couchbase.client.vbucket.ConfigurationException: Could not fetch a valid Bucket configuration.
	at org.springframework.beans.factory.support.SimpleInstantiationStrategy.instantiate(SimpleInstantiationStrategy.java:188)
	at org.springframework.beans.factory.support.ConstructorResolver.instantiateUsingFactoryMethod(ConstructorResolver.java:586)
	... 95 more
Caused by: com.couchbase.client.vbucket.ConfigurationException: Could not fetch a valid Bucket configuration.
	at com.couchbase.client.vbucket.provider.BucketConfigurationProvider.bootstrap(BucketConfigurationProvider.java:117)
	at com.couchbase.client.vbucket.provider.BucketConfigurationProvider.getConfig(BucketConfigurationProvider.java:348)
	at com.couchbase.client.CouchbaseConnectionFactory.getVBucketConfig(CouchbaseConnectionFactory.java:317)
	at com.couchbase.client.CouchbaseClient.<init>(CouchbaseClient.java:257)
	at com.devsisters.game.oven2.config.CouchbaseConfig.couchbaseClient(CouchbaseConfig.java:45)
	at com.devsisters.game.oven2.config.CouchbaseConfig$$EnhancerBySpringCGLIB$$8dd0636d.CGLIB$couchbaseClient$2(<generated>)
	at com.devsisters.game.oven2.config.CouchbaseConfig$$EnhancerBySpringCGLIB$$8dd0636d$$FastClassBySpringCGLIB$$f44f5f06.invoke(<generated>)
	at org.springframework.cglib.proxy.MethodProxy.invokeSuper(MethodProxy.java:228)
	at org.springframework.context.annotation.ConfigurationClassEnhancer$BeanMethodInterceptor.intercept(ConfigurationClassEnhancer.java:312)
	at com.devsisters.game.oven2.config.CouchbaseConfig$$EnhancerBySpringCGLIB$$8dd0636d.couchbaseClient(<generated>)
	at sun.reflect.NativeMethodAccessorImpl.invoke0(Native Method)
	at sun.reflect.NativeMethodAccessorImpl.invoke(NativeMethodAccessorImpl.java:62)
	at sun.reflect.DelegatingMethodAccessorImpl.invoke(DelegatingMethodAccessorImpl.java:43)
	at java.lang.reflect.Method.invoke(Method.java:498)
	at org.springframework.beans.factory.support.SimpleInstantiationStrategy.instantiate(SimpleInstantiationStrategy.java:166)
	... 96 more

May 20, 2017 7:02:52 PM org.apache.catalina.startup.HostConfig deployWAR
SEVERE: Error deploying web application archive /data/game/cookierunsrv/ROOT.war
java.lang.IllegalStateException: ContainerBase.addChild: start: org.apache.catalina.LifecycleException: Failed to start component [StandardEngine[Catalina].StandardHost[localhost].StandardContext[]]
	at org.apache.catalina.core.ContainerBase.addChildInternal(ContainerBase.java:904)
	at org.apache.catalina.core.ContainerBase.addChild(ContainerBase.java:877)
	at org.apache.catalina.core.StandardHost.addChild(StandardHost.java:632)
	at org.apache.catalina.startup.HostConfig.deployWAR(HostConfig.java:1073)
	at org.apache.catalina.startup.HostConfig$DeployWar.run(HostConfig.java:1857)
	at java.util.concurrent.Executors$RunnableAdapter.call(Executors.java:511)
	at java.util.concurrent.FutureTask.run(FutureTask.java:266)
	at java.util.concurrent.ThreadPoolExecutor.runWorker(ThreadPoolExecutor.java:1142)
	at java.util.concurrent.ThreadPoolExecutor$Worker.run(ThreadPoolExecutor.java:617)
	at java.lang.Thread.run(Thread.java:745)

May 20, 2017 7:02:52 PM org.apache.catalina.startup.HostConfig deployDirectory
INFO: Deploying web application directory /data/game/cookierunsrv/.svn
May 20, 2017 7:02:52 PM org.apache.coyote.AbstractProtocol start
INFO: Starting ProtocolHandler ["http-bio-8080"]
May 20, 2017 7:02:52 PM org.apache.coyote.AbstractProtocol start
INFO: Starting ProtocolHandler ["ajp-bio-8009"]
May 20, 2017 7:02:52 PM org.apache.catalina.startup.Catalina start
INFO: Server startup in 39243 ms
May 20, 2017 7:08:37 PM org.apache.catalina.core.AprLifecycleListener init
INFO: The APR based Apache Tomcat Native library which allows optimal performance in production environments was not found on the java.library.path: /usr/java/packages/lib/amd64:/usr/lib64:/lib64:/lib:/usr/lib
May 20, 2017 7:08:37 PM org.apache.catalina.startup.SetAllPropertiesRule begin
WARNING: [SetAllPropertiesRule]{Server/Service/Connector} Setting property 'maxTreads' to '500' did not find a matching property.
May 20, 2017 7:08:37 PM org.apache.catalina.startup.SetAllPropertiesRule begin
WARNING: [SetAllPropertiesRule]{Server/Service/Connector} Setting property 'maxSpareThreads' to '75' did not find a matching property.
May 20, 2017 7:08:37 PM org.apache.coyote.AbstractProtocol init
INFO: Initializing ProtocolHandler ["http-bio-8080"]
May 20, 2017 7:08:37 PM org.apache.coyote.AbstractProtocol init
INFO: Initializing ProtocolHandler ["ajp-bio-8009"]
May 20, 2017 7:08:37 PM org.apache.catalina.startup.Catalina load
INFO: Initialization processed in 807 ms
May 20, 2017 7:08:37 PM org.apache.catalina.core.StandardService startInternal
INFO: Starting service Catalina
May 20, 2017 7:08:37 PM org.apache.catalina.core.StandardEngine startInternal
INFO: Starting Servlet Engine: Apache Tomcat/7.0.52
May 20, 2017 7:08:37 PM org.apache.catalina.startup.HostConfig deployWAR
INFO: Deploying web application archive /data/game/cookierunsrv/ROOT.war
May 20, 2017 7:08:38 PM org.apache.catalina.loader.WebappClassLoader validateJarFile
INFO: validateJarFile(/data/game/cookierunsrv/ROOT/WEB-INF/lib/tomcat-embed-core-7.0.54.jar) - jar not loaded. See Servlet Spec 3.0, section 10.7.2. Offending class: javax/servlet/Servlet.class
May 20, 2017 7:08:38 PM org.apache.catalina.loader.WebappClassLoader validateJarFile
INFO: validateJarFile(/data/game/cookierunsrv/ROOT/WEB-INF/lib/tomcat-embed-el-7.0.54.jar) - jar not loaded. See Servlet Spec 3.0, section 10.7.2. Offending class: javax/el/Expression.class
May 20, 2017 7:09:02 PM org.apache.catalina.startup.HostConfig deployDirectory
INFO: Deploying web application directory /data/game/cookierunsrv/.svn
May 20, 2017 7:09:02 PM org.apache.coyote.AbstractProtocol start
INFO: Starting ProtocolHandler ["http-bio-8080"]
May 20, 2017 7:09:02 PM org.apache.coyote.AbstractProtocol start
INFO: Starting ProtocolHandler ["ajp-bio-8009"]
May 20, 2017 7:09:02 PM org.apache.catalina.startup.Catalina start
INFO: Server startup in 24819 ms
May 20, 2017 7:21:49 PM org.apache.catalina.core.AprLifecycleListener init
INFO: The APR based Apache Tomcat Native library which allows optimal performance in production environments was not found on the java.library.path: /usr/java/packages/lib/amd64:/usr/lib64:/lib64:/lib:/usr/lib
May 20, 2017 7:21:49 PM org.apache.catalina.startup.SetAllPropertiesRule begin
WARNING: [SetAllPropertiesRule]{Server/Service/Connector} Setting property 'maxTreads' to '500' did not find a matching property.
May 20, 2017 7:21:49 PM org.apache.catalina.startup.SetAllPropertiesRule begin
WARNING: [SetAllPropertiesRule]{Server/Service/Connector} Setting property 'maxSpareThreads' to '75' did not find a matching property.
May 20, 2017 7:21:50 PM org.apache.coyote.AbstractProtocol init
INFO: Initializing ProtocolHandler ["http-bio-8080"]
May 20, 2017 7:21:50 PM org.apache.coyote.AbstractProtocol init
INFO: Initializing ProtocolHandler ["ajp-bio-8009"]
May 20, 2017 7:21:50 PM org.apache.catalina.startup.Catalina load
INFO: Initialization processed in 728 ms
May 20, 2017 7:21:50 PM org.apache.catalina.core.StandardService startInternal
INFO: Starting service Catalina
May 20, 2017 7:21:50 PM org.apache.catalina.core.StandardEngine startInternal
INFO: Starting Servlet Engine: Apache Tomcat/7.0.52
May 20, 2017 7:21:50 PM org.apache.catalina.startup.HostConfig deployWAR
INFO: Deploying web application archive /data/game/cookierunsrv/ROOT.war
May 20, 2017 7:21:50 PM org.apache.catalina.loader.WebappClassLoader validateJarFile
INFO: validateJarFile(/data/game/cookierunsrv/ROOT/WEB-INF/lib/tomcat-embed-core-7.0.54.jar) - jar not loaded. See Servlet Spec 3.0, section 10.7.2. Offending class: javax/servlet/Servlet.class
May 20, 2017 7:21:50 PM org.apache.catalina.loader.WebappClassLoader validateJarFile
INFO: validateJarFile(/data/game/cookierunsrv/ROOT/WEB-INF/lib/tomcat-embed-el-7.0.54.jar) - jar not loaded. See Servlet Spec 3.0, section 10.7.2. Offending class: javax/el/Expression.class
May 20, 2017 7:22:17 PM org.apache.catalina.startup.HostConfig deployDirectory
INFO: Deploying web application directory /data/game/cookierunsrv/.svn
May 20, 2017 7:22:17 PM org.apache.coyote.AbstractProtocol start
INFO: Starting ProtocolHandler ["http-bio-8080"]
May 20, 2017 7:22:17 PM org.apache.coyote.AbstractProtocol start
INFO: Starting ProtocolHandler ["ajp-bio-8009"]
May 20, 2017 7:22:17 PM org.apache.catalina.startup.Catalina start
INFO: Server startup in 27810 ms
