May 19, 2017 9:32:44 AM org.apache.catalina.core.AprLifecycleListener init
INFO: The APR based Apache Tomcat Native library which allows optimal performance in production environments was not found on the java.library.path: /usr/java/packages/lib/amd64:/usr/lib64:/lib64:/lib:/usr/lib
May 19, 2017 9:32:44 AM org.apache.catalina.startup.SetAllPropertiesRule begin
WARNING: [SetAllPropertiesRule]{Server/Service/Connector} Setting property 'maxTreads' to '500' did not find a matching property.
May 19, 2017 9:32:44 AM org.apache.catalina.startup.SetAllPropertiesRule begin
WARNING: [SetAllPropertiesRule]{Server/Service/Connector} Setting property 'maxSpareThreads' to '75' did not find a matching property.
May 19, 2017 9:32:45 AM org.apache.coyote.AbstractProtocol init
INFO: Initializing ProtocolHandler ["http-bio-8080"]
May 19, 2017 9:32:45 AM org.apache.coyote.AbstractProtocol init
INFO: Initializing ProtocolHandler ["ajp-bio-8009"]
May 19, 2017 9:32:45 AM org.apache.catalina.startup.Catalina load
INFO: Initialization processed in 2827 ms
May 19, 2017 9:32:45 AM org.apache.catalina.core.StandardService startInternal
INFO: Starting service Catalina
May 19, 2017 9:32:45 AM org.apache.catalina.core.StandardEngine startInternal
INFO: Starting Servlet Engine: Apache Tomcat/7.0.52
May 19, 2017 9:32:45 AM org.apache.catalina.startup.HostConfig deployWAR
INFO: Deploying web application archive /data/game/cookierunsrv/ROOT.war
May 19, 2017 9:32:46 AM org.apache.catalina.loader.WebappClassLoader validateJarFile
INFO: validateJarFile(/data/game/cookierunsrv/ROOT/WEB-INF/lib/tomcat-embed-core-7.0.54.jar) - jar not loaded. See Servlet Spec 3.0, section 10.7.2. Offending class: javax/servlet/Servlet.class
May 19, 2017 9:32:46 AM org.apache.catalina.loader.WebappClassLoader validateJarFile
INFO: validateJarFile(/data/game/cookierunsrv/ROOT/WEB-INF/lib/tomcat-embed-el-7.0.54.jar) - jar not loaded. See Servlet Spec 3.0, section 10.7.2. Offending class: javax/el/Expression.class
May 19, 2017 9:33:27 AM org.apache.catalina.startup.HostConfig deployDirectory
INFO: Deploying web application directory /data/game/cookierunsrv/.svn
May 19, 2017 9:33:27 AM org.apache.coyote.AbstractProtocol start
INFO: Starting ProtocolHandler ["http-bio-8080"]
May 19, 2017 9:33:27 AM org.apache.coyote.AbstractProtocol start
INFO: Starting ProtocolHandler ["ajp-bio-8009"]
May 19, 2017 9:33:27 AM org.apache.catalina.startup.Catalina start
INFO: Server startup in 42385 ms
